<?xml version="1.0" encoding="UTF-8"?>
<testsuite name="com.eventflow.modules.ordering.application.CreateOrderUseCaseTest" tests="4" skipped="0" failures="0" errors="0" timestamp="2026-07-12T18:56:51.903Z" hostname="MacBook-Air-de-Andres.local" time="0.117">
  <properties/>
  <testcase name="creates_pending_order_with_ttl_and_emits_order_created()" classname="com.eventflow.modules.ordering.application.CreateOrderUseCaseTest" time="0.113"/>
  <testcase name="event_not_on_sale_is_rejected()" classname="com.eventflow.modules.ordering.application.CreateOrderUseCaseTest" time="0.001"/>
  <testcase name="sold_out_tariff_propagates_conflict_and_saves_nothing()" classname="com.eventflow.modules.ordering.application.CreateOrderUseCaseTest" time="0.002"/>
  <testcase name="parking_and_exchange_items_are_rejected_until_their_module()" classname="com.eventflow.modules.ordering.application.CreateOrderUseCaseTest" time="0.0"/>
  <system-out><![CDATA[]]></system-out>
  <system-err><![CDATA[]]></system-err>
</testsuite>
