<?xml version="1.0" encoding="UTF-8"?>
<testsuite name="com.eventflow.modules.catalog.domain.port.TariffViewTest" tests="4" skipped="0" failures="0" errors="0" timestamp="2026-07-12T18:56:46.276Z" hostname="MacBook-Air-de-Andres.local" time="0.001">
  <properties/>
  <testcase name="before_sales_start_is_unavailable()" classname="com.eventflow.modules.catalog.domain.port.TariffViewTest" time="0.0"/>
  <testcase name="available_with_stock_and_no_window()" classname="com.eventflow.modules.catalog.domain.port.TariffViewTest" time="0.0"/>
  <testcase name="after_sales_end_is_unavailable()" classname="com.eventflow.modules.catalog.domain.port.TariffViewTest" time="0.0"/>
  <testcase name="sold_out_is_unavailable()" classname="com.eventflow.modules.catalog.domain.port.TariffViewTest" time="0.0"/>
  <system-out><![CDATA[]]></system-out>
  <system-err><![CDATA[]]></system-err>
</testsuite>
