<?xml version="1.0" encoding="UTF-8"?>
<testsuite name="com.eventflow.shared.domain.MoneyTest" tests="8" skipped="0" failures="0" errors="0" timestamp="2026-07-12T18:56:56.177Z" hostname="MacBook-Air-de-Andres.local" time="0.002">
  <properties/>
  <testcase name="should_reject_negative_amounts()" classname="com.eventflow.shared.domain.MoneyTest" time="0.0"/>
  <testcase name="should_apply_percentage_with_half_up_rounding()" classname="com.eventflow.shared.domain.MoneyTest" time="0.0"/>
  <testcase name="should_normalize_scale_to_two_decimals_when_created()" classname="com.eventflow.shared.domain.MoneyTest" time="0.0"/>
  <testcase name="should_guarantee_fee_plus_seller_equals_price()" classname="com.eventflow.shared.domain.MoneyTest" time="0.0"/>
  <testcase name="should_subtract_and_never_go_negative()" classname="com.eventflow.shared.domain.MoneyTest" time="0.0"/>
  <testcase name="should_add_amounts_of_same_currency()" classname="com.eventflow.shared.domain.MoneyTest" time="0.001"/>
  <testcase name="should_reject_operations_with_mixed_currencies()" classname="com.eventflow.shared.domain.MoneyTest" time="0.0"/>
  <testcase name="should_reject_invalid_currency()" classname="com.eventflow.shared.domain.MoneyTest" time="0.0"/>
  <system-out><![CDATA[]]></system-out>
  <system-err><![CDATA[]]></system-err>
</testsuite>
