<?xml version="1.0" encoding="UTF-8"?>
<testsuite name="com.eventflow.shared.web.CursorsTest" tests="3" skipped="0" failures="0" errors="0" timestamp="2026-07-12T18:56:56.179Z" hostname="MacBook-Air-de-Andres.local" time="0.004">
  <properties/>
  <testcase name="roundtrip_preserves_key()" classname="com.eventflow.shared.web.CursorsTest" time="0.003"/>
  <testcase name="garbage_cursor_is_malformed_request()" classname="com.eventflow.shared.web.CursorsTest" time="0.0"/>
  <testcase name="direction_mismatch_is_malformed_request()" classname="com.eventflow.shared.web.CursorsTest" time="0.001"/>
  <system-out><![CDATA[]]></system-out>
  <system-err><![CDATA[]]></system-err>
</testsuite>
