<?xml version="1.0" encoding="UTF-8"?>
<testsuite name="com.eventflow.architecture.DependencyRulesTest" tests="11" skipped="0" failures="0" errors="0" timestamp="2026-07-12T18:56:56.184Z" hostname="MacBook-Air-de-Andres.local" time="1.291">
  <properties/>
  <testcase name="domain_must_not_depend_on_spring_web" classname="com.eventflow.architecture.DependencyRulesTest" time="1.179"/>
  <testcase name="api_must_not_depend_on_infrastructure" classname="com.eventflow.architecture.DependencyRulesTest" time="0.014"/>
  <testcase name="infrastructure_must_not_depend_on_api" classname="com.eventflow.architecture.DependencyRulesTest" time="0.004"/>
  <testcase name="shared_must_not_depend_on_modules" classname="com.eventflow.architecture.DependencyRulesTest" time="0.003"/>
  <testcase name="domain_must_not_depend_on_dtos" classname="com.eventflow.architecture.DependencyRulesTest" time="0.002"/>
  <testcase name="identity_calls_no_module" classname="com.eventflow.architecture.DependencyRulesTest" time="0.002"/>
  <testcase name="payments_and_ledger_call_no_module" classname="com.eventflow.architecture.DependencyRulesTest" time="0.001"/>
  <testcase name="ordering_uses_only_facades" classname="com.eventflow.architecture.DependencyRulesTest" time="0.004"/>
  <testcase name="catalog_must_not_touch_ticketing_nor_identity_internals" classname="com.eventflow.architecture.DependencyRulesTest" time="0.006"/>
  <testcase name="ticketing_uses_only_catalog_facade" classname="com.eventflow.architecture.DependencyRulesTest" time="0.002"/>
  <testcase name="modules_are_free_of_cycles" classname="com.eventflow.architecture.DependencyRulesTest" time="0.073"/>
  <system-out><![CDATA[2026-07-12T13:56:56.192-05:00  INFO [cid=] 55204 --- [eventflow-backend] [    Test worker] com.tngtech.archunit.core.PluginLoader   : Detected Java version 17.0.19
]]></system-out>
  <system-err><![CDATA[]]></system-err>
</testsuite>
