<?xml version="1.0" encoding="UTF-8"?>
<testsuite name="com.eventflow.modules.identity.application.LoginUseCaseTest" tests="4" skipped="0" failures="0" errors="0" timestamp="2026-07-12T18:56:49.414Z" hostname="MacBook-Air-de-Andres.local" time="0.078">
  <properties/>
  <testcase name="should_reject_unknown_email_with_generic_credentials_error()" classname="com.eventflow.modules.identity.application.LoginUseCaseTest" time="0.075"/>
  <testcase name="should_reject_blocked_account_after_password_check()" classname="com.eventflow.modules.identity.application.LoginUseCaseTest" time="0.001"/>
  <testcase name="should_issue_tokens_when_credentials_are_valid()" classname="com.eventflow.modules.identity.application.LoginUseCaseTest" time="0.001"/>
  <testcase name="should_reject_wrong_password()" classname="com.eventflow.modules.identity.application.LoginUseCaseTest" time="0.0"/>
  <system-out><![CDATA[]]></system-out>
  <system-err><![CDATA[]]></system-err>
</testsuite>
