<?xml version="1.0" encoding="UTF-8"?>
<testsuite name="com.eventflow.modules.catalog.api.CatalogFlowIT" tests="18" skipped="0" failures="0" errors="0" timestamp="2026-07-12T18:56:44.483Z" hostname="MacBook-Air-de-Andres.local" time="1.136">
  <properties/>
  <testcase name="t01_admin_creates_category_and_duplicate_is_conflict()" classname="com.eventflow.modules.catalog.api.CatalogFlowIT" time="0.592"/>
  <testcase name="t02_organizer_creates_draft_event_with_default_policy()" classname="com.eventflow.modules.catalog.api.CatalogFlowIT" time="0.04"/>
  <testcase name="t03_publish_without_tariffs_is_unprocessable()" classname="com.eventflow.modules.catalog.api.CatalogFlowIT" time="0.009"/>
  <testcase name="t04_zone_and_ticket_type_creation()" classname="com.eventflow.modules.catalog.api.CatalogFlowIT" time="0.048"/>
  <testcase name="t05_publish_emits_outbox_event_and_is_not_repeatable()" classname="com.eventflow.modules.catalog.api.CatalogFlowIT" time="0.02"/>
  <testcase name="t06_public_search_finds_published_event()" classname="com.eventflow.modules.catalog.api.CatalogFlowIT" time="0.021"/>
  <testcase name="t07_public_detail_contains_tariffs_zones_and_public_policy()" classname="com.eventflow.modules.catalog.api.CatalogFlowIT" time="0.009"/>
  <testcase name="t08_favorites_roundtrip_is_idempotent()" classname="com.eventflow.modules.catalog.api.CatalogFlowIT" time="0.043"/>
  <testcase name="t09_patch_with_stale_if_match_returns_conflict_version()" classname="com.eventflow.modules.catalog.api.CatalogFlowIT" time="0.013"/>
  <testcase name="t10_patch_unsafe_field_after_publish_is_conflict()" classname="com.eventflow.modules.catalog.api.CatalogFlowIT" time="0.007"/>
  <testcase name="t11_patch_dates_after_publish_reschedules_and_emits_event()" classname="com.eventflow.modules.catalog.api.CatalogFlowIT" time="0.013"/>
  <testcase name="t12_policy_get_and_replace_with_optimistic_lock()" classname="com.eventflow.modules.catalog.api.CatalogFlowIT" time="0.02"/>
  <testcase name="t13_zone_with_tariffs_cannot_be_deleted()" classname="com.eventflow.modules.catalog.api.CatalogFlowIT" time="0.007"/>
  <testcase name="t14_ticket_type_update_delete_and_then_zone_delete()" classname="com.eventflow.modules.catalog.api.CatalogFlowIT" time="0.021"/>
  <testcase name="t15_category_in_use_cannot_be_deleted()" classname="com.eventflow.modules.catalog.api.CatalogFlowIT" time="0.007"/>
  <testcase name="t16_role_security_matrix()" classname="com.eventflow.modules.catalog.api.CatalogFlowIT" time="0.148"/>
  <testcase name="t17_delete_rules_and_draft_invisibility()" classname="com.eventflow.modules.catalog.api.CatalogFlowIT" time="0.028"/>
  <testcase name="t18_keyset_pagination_with_opaque_cursor()" classname="com.eventflow.modules.catalog.api.CatalogFlowIT" time="0.079"/>
  <system-out><![CDATA[2026-07-12T13:56:43.105-05:00  INFO [cid=] 55204 --- [eventflow-backend] [    Test worker] tc.postgres:17                           : Creating container for image: postgres:17
2026-07-12T13:56:43.151-05:00  INFO [cid=] 55204 --- [eventflow-backend] [    Test worker] tc.postgres:17                           : Container postgres:17 is starting: 4e52a2c05871bab220dcb028a2cb3a8bad52c58e29e1461eeddb7a1d275472d4
2026-07-12T13:56:43.746-05:00  INFO [cid=] 55204 --- [eventflow-backend] [    Test worker] tc.postgres:17                           : Container postgres:17 started in PT0.64137S
2026-07-12T13:56:43.747-05:00  INFO [cid=] 55204 --- [eventflow-backend] [    Test worker] tc.postgres:17                           : Container is started (JDBC URL: jdbc:postgresql://localhost:49986/test?loggerLevel=OFF)
2026-07-12T13:56:43.750-05:00  INFO [cid=] 55204 --- [eventflow-backend] [    Test worker] t.c.s.AnnotationConfigContextLoaderUtils : Could not detect default configuration classes for test class [com.eventflow.modules.catalog.api.CatalogFlowIT]: CatalogFlowIT does not declare any static, non-private, non-final, nested classes annotated with @Configuration.
2026-07-12T13:56:43.790-05:00  INFO [cid=] 55204 --- [eventflow-backend] [    Test worker] .b.t.c.SpringBootTestContextBootstrapper : Found @SpringBootConfiguration com.eventflow.EventFlowApplication for test class com.eventflow.modules.catalog.api.CatalogFlowIT

  .   ____          _            __ _ _
 /\\ / ___'_ __ _ _(_)_ __  __ _ \ \ \ \
( ( )\___ | '_ | '_| | '_ \/ _` | \ \ \ \
 \\/  ___)| |_)| | | | | || (_| |  ) ) ) )
  '  |____| .__|_| |_|_| |_\__, | / / / /
 =========|_|==============|___/=/_/_/_/

 :: Spring Boot ::                (v3.5.6)

2026-07-12T13:56:43.805-05:00  INFO [cid=] 55204 --- [eventflow-backend] [    Test worker] c.e.modules.catalog.api.CatalogFlowIT    : Starting CatalogFlowIT using Java 17.0.19 with PID 55204 (started by andresvega in /Users/andresvega/IdeaProjects/EventFlow/backend)
2026-07-12T13:56:43.805-05:00  INFO [cid=] 55204 --- [eventflow-backend] [    Test worker] c.e.modules.catalog.api.CatalogFlowIT    : No active profile set, falling back to 1 default profile: "default"
2026-07-12T13:56:43.928-05:00  INFO [cid=] 55204 --- [eventflow-backend] [    Test worker] .s.d.r.c.RepositoryConfigurationDelegate : Bootstrapping Spring Data JPA repositories in DEFAULT mode.
2026-07-12T13:56:43.940-05:00  INFO [cid=] 55204 --- [eventflow-backend] [    Test worker] .s.d.r.c.RepositoryConfigurationDelegate : Finished Spring Data repository scanning in 11 ms. Found 12 JPA repository interfaces.
2026-07-12T13:56:44.033-05:00  INFO [cid=] 55204 --- [eventflow-backend] [    Test worker] org.flywaydb.core.FlywayExecutor         : Database: jdbc:postgresql://localhost:49986/test?loggerLevel=OFF (PostgreSQL 17.10)
2026-07-12T13:56:44.039-05:00  INFO [cid=] 55204 --- [eventflow-backend] [    Test worker] o.f.c.i.s.JdbcTableSchemaHistory         : Schema history table "public"."flyway_schema_history" does not exist yet
2026-07-12T13:56:44.039-05:00  INFO [cid=] 55204 --- [eventflow-backend] [    Test worker] o.f.core.internal.command.DbValidate     : Successfully validated 9 migrations (execution time 00:00.003s)
2026-07-12T13:56:44.042-05:00  INFO [cid=] 55204 --- [eventflow-backend] [    Test worker] o.f.c.i.s.JdbcTableSchemaHistory         : Creating Schema History table "public"."flyway_schema_history" ...
2026-07-12T13:56:44.057-05:00  INFO [cid=] 55204 --- [eventflow-backend] [    Test worker] o.f.core.internal.command.DbMigrate      : Current version of schema "public": << Empty Schema >>
2026-07-12T13:56:44.058-05:00  INFO [cid=] 55204 --- [eventflow-backend] [    Test worker] o.f.core.internal.command.DbMigrate      : Migrating schema "public" to version "1 - schemas and extensions"
2026-07-12T13:56:44.069-05:00  INFO [cid=] 55204 --- [eventflow-backend] [    Test worker] o.f.core.internal.command.DbMigrate      : Migrating schema "public" to version "2 - identity"
2026-07-12T13:56:44.078-05:00  INFO [cid=] 55204 --- [eventflow-backend] [    Test worker] o.f.core.internal.command.DbMigrate      : Migrating schema "public" to version "3 - catalog"
2026-07-12T13:56:44.090-05:00  INFO [cid=] 55204 --- [eventflow-backend] [    Test worker] o.f.core.internal.command.DbMigrate      : Migrating schema "public" to version "4 - ticketing"
2026-07-12T13:56:44.103-05:00  INFO [cid=] 55204 --- [eventflow-backend] [    Test worker] o.f.core.internal.command.DbMigrate      : Migrating schema "public" to version "5 - commerce"
2026-07-12T13:56:44.125-05:00  INFO [cid=] 55204 --- [eventflow-backend] [    Test worker] o.f.core.internal.command.DbMigrate      : Migrating schema "public" to version "6 - parking"
2026-07-12T13:56:44.134-05:00  INFO [cid=] 55204 --- [eventflow-backend] [    Test worker] o.f.core.internal.command.DbMigrate      : Migrating schema "public" to version "7 - ops"
2026-07-12T13:56:44.146-05:00  INFO [cid=] 55204 --- [eventflow-backend] [    Test worker] o.f.core.internal.command.DbMigrate      : Migrating schema "public" to version "8 - privileges and rls"
2026-07-12T13:56:44.156-05:00  INFO [cid=] 55204 --- [eventflow-backend] [    Test worker] o.f.core.internal.command.DbMigrate      : Migrating schema "public" to version "9 - seed"
2026-07-12T13:56:44.159-05:00  INFO [cid=] 55204 --- [eventflow-backend] [    Test worker] o.f.core.internal.command.DbMigrate      : Successfully applied 9 migrations to schema "public", now at version v9 (execution time 00:00.064s)
2026-07-12T13:56:44.169-05:00  INFO [cid=] 55204 --- [eventflow-backend] [    Test worker] o.hibernate.jpa.internal.util.LogHelper  : HHH000204: Processing PersistenceUnitInfo [name: default]
2026-07-12T13:56:44.170-05:00  INFO [cid=] 55204 --- [eventflow-backend] [    Test worker] o.h.c.internal.RegionFactoryInitiator    : HHH000026: Second-level cache disabled
2026-07-12T13:56:44.175-05:00  INFO [cid=] 55204 --- [eventflow-backend] [    Test worker] o.s.o.j.p.SpringPersistenceUnitInfo      : No LoadTimeWeaver setup: ignoring JPA class transformer
2026-07-12T13:56:44.176-05:00  INFO [cid=] 55204 --- [eventflow-backend] [    Test worker] com.zaxxer.hikari.HikariDataSource       : HikariPool-2 - Starting...
2026-07-12T13:56:44.185-05:00  INFO [cid=] 55204 --- [eventflow-backend] [    Test worker] com.zaxxer.hikari.pool.HikariPool        : HikariPool-2 - Added connection org.postgresql.jdbc.PgConnection@103e1cf0
2026-07-12T13:56:44.185-05:00  INFO [cid=] 55204 --- [eventflow-backend] [    Test worker] com.zaxxer.hikari.HikariDataSource       : HikariPool-2 - Start completed.
2026-07-12T13:56:44.187-05:00  INFO [cid=] 55204 --- [eventflow-backend] [    Test worker] org.hibernate.orm.connections.pooling    : HHH10001005: Database info:
	Database JDBC URL [Connecting through datasource 'HikariDataSource (HikariPool-2)']
	Database driver: undefined/unknown
	Database version: 17.10
	Autocommit mode: undefined/unknown
	Isolation level: undefined/unknown
	Minimum pool size: undefined/unknown
	Maximum pool size: undefined/unknown
2026-07-12T13:56:44.242-05:00  INFO [cid=] 55204 --- [eventflow-backend] [    Test worker] o.h.e.t.j.p.i.JtaPlatformInitiator       : HHH000489: No JTA platform available (set 'hibernate.transaction.jta.platform' to enable JTA platform integration)
2026-07-12T13:56:44.242-05:00  INFO [cid=] 55204 --- [eventflow-backend] [    Test worker] j.LocalContainerEntityManagerFactoryBean : Initialized JPA EntityManagerFactory for persistence unit 'default'
2026-07-12T13:56:44.390-05:00  INFO [cid=] 55204 --- [eventflow-backend] [    Test worker] o.s.b.a.e.web.EndpointLinksResolver      : Exposing 1 endpoint beneath base path '/actuator'
2026-07-12T13:56:44.396-05:00  WARN [cid=] 55204 --- [eventflow-backend] [    Test worker] .s.s.UserDetailsServiceAutoConfiguration : 

Using generated security password: b6b511d7-bb36-4879-9f9b-94d1f31d01a3

This generated password is for development use only. Your security configuration must be updated before running your application in production.

2026-07-12T13:56:44.397-05:00  INFO [cid=] 55204 --- [eventflow-backend] [    Test worker] r$InitializeUserDetailsManagerConfigurer : Global AuthenticationManager configured with UserDetailsService bean with name inMemoryUserDetailsManager
2026-07-12T13:56:44.473-05:00  INFO [cid=] 55204 --- [eventflow-backend] [    Test worker] o.s.b.t.m.w.SpringBootMockServletContext : Initializing Spring TestDispatcherServlet ''
2026-07-12T13:56:44.473-05:00  INFO [cid=] 55204 --- [eventflow-backend] [    Test worker] o.s.t.web.servlet.TestDispatcherServlet  : Initializing Servlet ''
2026-07-12T13:56:44.473-05:00  INFO [cid=] 55204 --- [eventflow-backend] [    Test worker] o.s.t.web.servlet.TestDispatcherServlet  : Completed initialization in 0 ms
2026-07-12T13:56:44.483-05:00  INFO [cid=] 55204 --- [eventflow-backend] [    Test worker] c.e.modules.catalog.api.CatalogFlowIT    : Started CatalogFlowIT in 0.691 seconds (process running for 9.097)
2026-07-12T13:56:45.062-05:00  WARN [cid=7a7b2174-99a6-43c8-be0c-6b89fd792d50] 55204 --- [eventflow-backend] [    Test worker] o.h.engine.jdbc.spi.SqlExceptionHelper   : SQL Error: 0, SQLState: 23505
2026-07-12T13:56:45.062-05:00 ERROR [cid=7a7b2174-99a6-43c8-be0c-6b89fd792d50] 55204 --- [eventflow-backend] [    Test worker] o.h.engine.jdbc.spi.SqlExceptionHelper   : ERROR: duplicate key value violates unique constraint "uq_categories_name"
  Detail: Key (name)=(Conciertos) already exists.
2026-07-12T13:56:45.067-05:00  WARN [cid=7a7b2174-99a6-43c8-be0c-6b89fd792d50] 55204 --- [eventflow-backend] [    Test worker] c.e.shared.error.GlobalExceptionHandler  : domain_error code=category_name_taken detail=Ya existe una categoría con ese nombre
2026-07-12T13:56:45.123-05:00  WARN [cid=50a3ba09-6a0b-46a3-8214-e03a6bc0c5f3] 55204 --- [eventflow-backend] [    Test worker] c.e.shared.error.GlobalExceptionHandler  : domain_error code=event_not_publishable detail=El evento necesita al menos una tarifa para publicarse
2026-07-12T13:56:45.192-05:00  WARN [cid=4407b8d2-5def-4515-a0a8-3527c40e4e9b] 55204 --- [eventflow-backend] [    Test worker] c.e.shared.error.GlobalExceptionHandler  : domain_error code=event_not_draft detail=Solo un evento en DRAFT puede publicarse (estado actual: PUBLISHED)
2026-07-12T13:56:45.264-05:00  WARN [cid=571617e7-0414-442c-a822-0715f1c45ae9] 55204 --- [eventflow-backend] [    Test worker] c.e.shared.error.GlobalExceptionHandler  : domain_error code=not_found detail=El evento no existe
2026-07-12T13:56:45.289-05:00  WARN [cid=83e3f576-ad0d-4aca-a089-3480e745ad1f] 55204 --- [eventflow-backend] [    Test worker] c.e.shared.error.GlobalExceptionHandler  : domain_error code=event_not_published detail=El evento publicado solo admite campos seguros (description, coverUrl, address, startsAt, endsAt)
2026-07-12T13:56:45.330-05:00  WARN [cid=7a0c7439-acf1-4504-a7d5-42ae02c2244c] 55204 --- [eventflow-backend] [    Test worker] c.e.shared.error.GlobalExceptionHandler  : domain_error code=zone_in_use detail=La zona tiene tarifas asociadas y no puede eliminarse
2026-07-12T13:56:45.360-05:00  WARN [cid=6c8db732-5939-4fb7-88ab-4eabe3c5c95b] 55204 --- [eventflow-backend] [    Test worker] c.e.shared.error.GlobalExceptionHandler  : domain_error code=category_in_use detail=La categoría tiene eventos asociados y no puede eliminarse
2026-07-12T13:56:45.509-05:00  WARN [cid=e785d7da-e485-43ad-aefc-a5b8fd13ea9b] 55204 --- [eventflow-backend] [    Test worker] c.e.shared.error.GlobalExceptionHandler  : domain_error code=not_found detail=El evento no existe
2026-07-12T13:56:45.517-05:00  WARN [cid=baaa766f-12fd-48b0-b04a-94bfece43e4f] 55204 --- [eventflow-backend] [    Test worker] c.e.shared.error.GlobalExceptionHandler  : domain_error code=event_not_draft detail=Solo un evento en DRAFT puede eliminarse
2026-07-12T13:56:45.532-05:00  WARN [cid=50dc400e-04e6-4263-8cbd-09576853abc9] 55204 --- [eventflow-backend] [    Test worker] c.e.shared.error.GlobalExceptionHandler  : domain_error code=not_found detail=El evento no existe
2026-07-12T13:56:45.611-05:00  WARN [cid=5a90792d-18ee-4e64-a432-cd964e1e3c14] 55204 --- [eventflow-backend] [    Test worker] c.e.shared.error.GlobalExceptionHandler  : domain_error code=malformed_request detail=El cursor fue emitido con otro orden; reinicia desde la primera página
]]></system-out>
  <system-err><![CDATA[]]></system-err>
</testsuite>
