<?xml version="1.0" encoding="UTF-8"?>
<testsuite name="com.eventflow.modules.catalog.application.PublishEventUseCaseTest" tests="3" skipped="0" failures="0" errors="0" timestamp="2026-07-12T18:56:46.081Z" hostname="MacBook-Air-de-Andres.local" time="0.161">
  <properties/>
  <testcase name="publishes_draft_with_tariffs_and_emits_outbox_event()" classname="com.eventflow.modules.catalog.application.PublishEventUseCaseTest" time="0.153"/>
  <testcase name="foreign_event_is_404_anti_enumeration()" classname="com.eventflow.modules.catalog.application.PublishEventUseCaseTest" time="0.004"/>
  <testcase name="rejects_publish_without_tariffs()" classname="com.eventflow.modules.catalog.application.PublishEventUseCaseTest" time="0.003"/>
  <system-out><![CDATA[]]></system-out>
  <system-err><![CDATA[]]></system-err>
</testsuite>
