<?xml version="1.0" encoding="UTF-8"?>
<testsuite name="com.eventflow.modules.ordering.domain.OrderTest" tests="8" skipped="0" failures="0" errors="0" timestamp="2026-07-12T18:56:52.101Z" hostname="MacBook-Air-de-Andres.local" time="0.002">
  <properties/>
  <testcase name="total_is_sum_of_items()" classname="com.eventflow.modules.ordering.domain.OrderTest" time="0.0"/>
  <testcase name="fail_only_from_pending()" classname="com.eventflow.modules.ordering.domain.OrderTest" time="0.0"/>
  <testcase name="is_owned_by_buyer_only()" classname="com.eventflow.modules.ordering.domain.OrderTest" time="0.001"/>
  <testcase name="cancel_only_from_pending()" classname="com.eventflow.modules.ordering.domain.OrderTest" time="0.0"/>
  <testcase name="empty_items_are_rejected()" classname="com.eventflow.modules.ordering.domain.OrderTest" time="0.0"/>
  <testcase name="mixed_currencies_are_rejected()" classname="com.eventflow.modules.ordering.domain.OrderTest" time="0.0"/>
  <testcase name="pay_requires_pending_and_not_expired()" classname="com.eventflow.modules.ordering.domain.OrderTest" time="0.0"/>
  <testcase name="expired_pending_order_cannot_be_paid()" classname="com.eventflow.modules.ordering.domain.OrderTest" time="0.0"/>
  <system-out><![CDATA[]]></system-out>
  <system-err><![CDATA[]]></system-err>
</testsuite>
