<?xml version="1.0" encoding="UTF-8"?>
<testsuite name="com.eventflow.modules.identity.application.RefreshTokenUseCaseTest" tests="5" skipped="0" failures="0" errors="0" timestamp="2026-07-11T03:56:57.630Z" hostname="MacBook-Air-de-Andres.local" time="0.048">
  <properties/>
  <testcase name="should_rotate_token_and_chain_replacement_when_active()" classname="com.eventflow.modules.identity.application.RefreshTokenUseCaseTest" time="0.04"/>
  <testcase name="should_detect_reuse_of_rotated_token_and_revoke_family()" classname="com.eventflow.modules.identity.application.RefreshTokenUseCaseTest" time="0.002"/>
  <testcase name="should_reject_expired_token_without_revoking_family()" classname="com.eventflow.modules.identity.application.RefreshTokenUseCaseTest" time="0.002"/>
  <testcase name="should_reject_unknown_token()" classname="com.eventflow.modules.identity.application.RefreshTokenUseCaseTest" time="0.001"/>
  <testcase name="should_reject_logged_out_token_without_revoking_family()" classname="com.eventflow.modules.identity.application.RefreshTokenUseCaseTest" time="0.001"/>
  <system-out><![CDATA[]]></system-out>
  <system-err><![CDATA[]]></system-err>
</testsuite>
