<?xml version="1.0" encoding="UTF-8"?>
<testsuite name="com.eventflow.modules.catalog.domain.EventTest" tests="12" skipped="0" failures="0" errors="0" timestamp="2026-07-12T18:56:46.258Z" hostname="MacBook-Air-de-Andres.local" time="0.008">
  <properties/>
  <testcase name="update_draft_dates_is_not_reschedule()" classname="com.eventflow.modules.catalog.domain.EventTest" time="0.0"/>
  <testcase name="update_published_allows_only_safe_fields()" classname="com.eventflow.modules.catalog.domain.EventTest" time="0.0"/>
  <testcase name="soft_delete_only_in_draft()" classname="com.eventflow.modules.catalog.domain.EventTest" time="0.0"/>
  <testcase name="create_rejects_ends_before_starts()" classname="com.eventflow.modules.catalog.domain.EventTest" time="0.001"/>
  <testcase name="update_in_draft_allows_all_fields()" classname="com.eventflow.modules.catalog.domain.EventTest" time="0.001"/>
  <testcase name="update_rejects_inverted_dates_combining_current_state()" classname="com.eventflow.modules.catalog.domain.EventTest" time="0.0"/>
  <testcase name="publish_without_tariffs_is_rejected()" classname="com.eventflow.modules.catalog.domain.EventTest" time="0.001"/>
  <testcase name="publish_requires_draft_and_tariffs()" classname="com.eventflow.modules.catalog.domain.EventTest" time="0.0"/>
  <testcase name="status_machine_rejects_invalid_transitions()" classname="com.eventflow.modules.catalog.domain.EventTest" time="0.001"/>
  <testcase name="create_rejects_partial_geo_pair()" classname="com.eventflow.modules.catalog.domain.EventTest" time="0.0"/>
  <testcase name="create_starts_in_draft_with_uuid_v7()" classname="com.eventflow.modules.catalog.domain.EventTest" time="0.001"/>
  <testcase name="update_published_dates_is_reschedule()" classname="com.eventflow.modules.catalog.domain.EventTest" time="0.0"/>
  <system-out><![CDATA[]]></system-out>
  <system-err><![CDATA[]]></system-err>
</testsuite>
