<?xml version="1.0" encoding="UTF-8"?>
<testsuite name="com.eventflow.modules.identity.domain.RefreshTokenTest" tests="4" skipped="0" failures="0" errors="0" timestamp="2026-07-12T18:56:49.557Z" hostname="MacBook-Air-de-Andres.local" time="0.001">
  <properties/>
  <testcase name="should_be_active_when_issued_and_not_expired()" classname="com.eventflow.modules.identity.domain.RefreshTokenTest" time="0.0"/>
  <testcase name="should_be_inactive_when_revoked()" classname="com.eventflow.modules.identity.domain.RefreshTokenTest" time="0.0"/>
  <testcase name="should_record_rotation_chain_when_replaced()" classname="com.eventflow.modules.identity.domain.RefreshTokenTest" time="0.001"/>
  <testcase name="should_be_inactive_when_expired()" classname="com.eventflow.modules.identity.domain.RefreshTokenTest" time="0.0"/>
  <system-out><![CDATA[]]></system-out>
  <system-err><![CDATA[]]></system-err>
</testsuite>
