<?xml version="1.0" encoding="UTF-8"?>
<testsuite name="com.eventflow.modules.ordering.api.OrderFlowIT" tests="10" skipped="0" failures="0" errors="0" timestamp="2026-07-12T18:56:50.819Z" hostname="MacBook-Air-de-Andres.local" time="0.857">
  <properties/>
  <testcase name="t01_setup_event_with_limited_inventory()" classname="com.eventflow.modules.ordering.api.OrderFlowIT" time="0.495"/>
  <testcase name="t02_create_order_requires_idempotency_key()" classname="com.eventflow.modules.ordering.api.OrderFlowIT" time="0.024"/>
  <testcase name="t03_create_order_reserves_inventory_and_replays_on_same_key()" classname="com.eventflow.modules.ordering.api.OrderFlowIT" time="0.05"/>
  <testcase name="t04_oversell_is_physically_impossible()" classname="com.eventflow.modules.ordering.api.OrderFlowIT" time="0.01"/>
  <testcase name="t05_pay_order_issues_tickets_ledger_and_outbox()" classname="com.eventflow.modules.ordering.api.OrderFlowIT" time="0.055"/>
  <testcase name="t06_paid_order_cannot_be_paid_or_cancelled_again()" classname="com.eventflow.modules.ordering.api.OrderFlowIT" time="0.019"/>
  <testcase name="t07_declined_payment_fails_order_and_releases_inventory()" classname="com.eventflow.modules.ordering.api.OrderFlowIT" time="0.059"/>
  <testcase name="t08_cancel_releases_inventory_and_expiration_scheduler_is_idempotent()" classname="com.eventflow.modules.ordering.api.OrderFlowIT" time="0.06"/>
  <testcase name="t09_my_tickets_and_detail_with_history()" classname="com.eventflow.modules.ordering.api.OrderFlowIT" time="0.031"/>
  <testcase name="t10_order_history_and_security()" classname="com.eventflow.modules.ordering.api.OrderFlowIT" time="0.051"/>
  <system-out><![CDATA[2026-07-12T13:56:49.561-05:00  INFO [cid=] 55204 --- [eventflow-backend] [    Test worker] tc.postgres:17                           : Creating container for image: postgres:17
2026-07-12T13:56:49.587-05:00  INFO [cid=] 55204 --- [eventflow-backend] [    Test worker] tc.postgres:17                           : Container postgres:17 is starting: 783de797f59c530e99eb95340e89a01e17a597dc8ac8f93da4ef50eeac0f978e
2026-07-12T13:56:50.159-05:00  INFO [cid=] 55204 --- [eventflow-backend] [    Test worker] tc.postgres:17                           : Container postgres:17 started in PT0.598055S
2026-07-12T13:56:50.159-05:00  INFO [cid=] 55204 --- [eventflow-backend] [    Test worker] tc.postgres:17                           : Container is started (JDBC URL: jdbc:postgresql://localhost:50044/test?loggerLevel=OFF)
2026-07-12T13:56:50.160-05:00  INFO [cid=] 55204 --- [eventflow-backend] [    Test worker] t.c.s.AnnotationConfigContextLoaderUtils : Could not detect default configuration classes for test class [com.eventflow.modules.ordering.api.OrderFlowIT]: OrderFlowIT does not declare any static, non-private, non-final, nested classes annotated with @Configuration.
2026-07-12T13:56:50.172-05:00  INFO [cid=] 55204 --- [eventflow-backend] [    Test worker] .b.t.c.SpringBootTestContextBootstrapper : Found @SpringBootConfiguration com.eventflow.EventFlowApplication for test class com.eventflow.modules.ordering.api.OrderFlowIT

  .   ____          _            __ _ _
 /\\ / ___'_ __ _ _(_)_ __  __ _ \ \ \ \
( ( )\___ | '_ | '_| | '_ \/ _` | \ \ \ \
 \\/  ___)| |_)| | | | | || (_| |  ) ) ) )
  '  |____| .__|_| |_|_| |_\__, | / / / /
 =========|_|==============|___/=/_/_/_/

 :: Spring Boot ::                (v3.5.6)

2026-07-12T13:56:50.184-05:00  INFO [cid=] 55204 --- [eventflow-backend] [    Test worker] c.e.modules.ordering.api.OrderFlowIT     : Starting OrderFlowIT using Java 17.0.19 with PID 55204 (started by andresvega in /Users/andresvega/IdeaProjects/EventFlow/backend)
2026-07-12T13:56:50.184-05:00  INFO [cid=] 55204 --- [eventflow-backend] [    Test worker] c.e.modules.ordering.api.OrderFlowIT     : No active profile set, falling back to 1 default profile: "default"
2026-07-12T13:56:50.306-05:00  INFO [cid=] 55204 --- [eventflow-backend] [    Test worker] .s.d.r.c.RepositoryConfigurationDelegate : Bootstrapping Spring Data JPA repositories in DEFAULT mode.
2026-07-12T13:56:50.321-05:00  INFO [cid=] 55204 --- [eventflow-backend] [    Test worker] .s.d.r.c.RepositoryConfigurationDelegate : Finished Spring Data repository scanning in 14 ms. Found 12 JPA repository interfaces.
2026-07-12T13:56:50.404-05:00  INFO [cid=] 55204 --- [eventflow-backend] [    Test worker] org.flywaydb.core.FlywayExecutor         : Database: jdbc:postgresql://localhost:50044/test?loggerLevel=OFF (PostgreSQL 17.10)
2026-07-12T13:56:50.410-05:00  INFO [cid=] 55204 --- [eventflow-backend] [    Test worker] o.f.c.i.s.JdbcTableSchemaHistory         : Schema history table "public"."flyway_schema_history" does not exist yet
2026-07-12T13:56:50.410-05:00  INFO [cid=] 55204 --- [eventflow-backend] [    Test worker] o.f.core.internal.command.DbValidate     : Successfully validated 9 migrations (execution time 00:00.002s)
2026-07-12T13:56:50.413-05:00  INFO [cid=] 55204 --- [eventflow-backend] [    Test worker] o.f.c.i.s.JdbcTableSchemaHistory         : Creating Schema History table "public"."flyway_schema_history" ...
2026-07-12T13:56:50.424-05:00  INFO [cid=] 55204 --- [eventflow-backend] [    Test worker] o.f.core.internal.command.DbMigrate      : Current version of schema "public": << Empty Schema >>
2026-07-12T13:56:50.425-05:00  INFO [cid=] 55204 --- [eventflow-backend] [    Test worker] o.f.core.internal.command.DbMigrate      : Migrating schema "public" to version "1 - schemas and extensions"
2026-07-12T13:56:50.435-05:00  INFO [cid=] 55204 --- [eventflow-backend] [    Test worker] o.f.core.internal.command.DbMigrate      : Migrating schema "public" to version "2 - identity"
2026-07-12T13:56:50.445-05:00  INFO [cid=] 55204 --- [eventflow-backend] [    Test worker] o.f.core.internal.command.DbMigrate      : Migrating schema "public" to version "3 - catalog"
2026-07-12T13:56:50.456-05:00  INFO [cid=] 55204 --- [eventflow-backend] [    Test worker] o.f.core.internal.command.DbMigrate      : Migrating schema "public" to version "4 - ticketing"
2026-07-12T13:56:50.469-05:00  INFO [cid=] 55204 --- [eventflow-backend] [    Test worker] o.f.core.internal.command.DbMigrate      : Migrating schema "public" to version "5 - commerce"
2026-07-12T13:56:50.491-05:00  INFO [cid=] 55204 --- [eventflow-backend] [    Test worker] o.f.core.internal.command.DbMigrate      : Migrating schema "public" to version "6 - parking"
2026-07-12T13:56:50.499-05:00  INFO [cid=] 55204 --- [eventflow-backend] [    Test worker] o.f.core.internal.command.DbMigrate      : Migrating schema "public" to version "7 - ops"
2026-07-12T13:56:50.512-05:00  INFO [cid=] 55204 --- [eventflow-backend] [    Test worker] o.f.core.internal.command.DbMigrate      : Migrating schema "public" to version "8 - privileges and rls"
2026-07-12T13:56:50.521-05:00  INFO [cid=] 55204 --- [eventflow-backend] [    Test worker] o.f.core.internal.command.DbMigrate      : Migrating schema "public" to version "9 - seed"
2026-07-12T13:56:50.525-05:00  INFO [cid=] 55204 --- [eventflow-backend] [    Test worker] o.f.core.internal.command.DbMigrate      : Successfully applied 9 migrations to schema "public", now at version v9 (execution time 00:00.064s)
2026-07-12T13:56:50.537-05:00  INFO [cid=] 55204 --- [eventflow-backend] [    Test worker] o.hibernate.jpa.internal.util.LogHelper  : HHH000204: Processing PersistenceUnitInfo [name: default]
2026-07-12T13:56:50.538-05:00  INFO [cid=] 55204 --- [eventflow-backend] [    Test worker] o.h.c.internal.RegionFactoryInitiator    : HHH000026: Second-level cache disabled
2026-07-12T13:56:50.541-05:00  INFO [cid=] 55204 --- [eventflow-backend] [    Test worker] o.s.o.j.p.SpringPersistenceUnitInfo      : No LoadTimeWeaver setup: ignoring JPA class transformer
2026-07-12T13:56:50.541-05:00  INFO [cid=] 55204 --- [eventflow-backend] [    Test worker] com.zaxxer.hikari.HikariDataSource       : HikariPool-4 - Starting...
2026-07-12T13:56:50.548-05:00  INFO [cid=] 55204 --- [eventflow-backend] [    Test worker] com.zaxxer.hikari.pool.HikariPool        : HikariPool-4 - Added connection org.postgresql.jdbc.PgConnection@101ffe3f
2026-07-12T13:56:50.548-05:00  INFO [cid=] 55204 --- [eventflow-backend] [    Test worker] com.zaxxer.hikari.HikariDataSource       : HikariPool-4 - Start completed.
2026-07-12T13:56:50.550-05:00  INFO [cid=] 55204 --- [eventflow-backend] [    Test worker] org.hibernate.orm.connections.pooling    : HHH10001005: Database info:
	Database JDBC URL [Connecting through datasource 'HikariDataSource (HikariPool-4)']
	Database driver: undefined/unknown
	Database version: 17.10
	Autocommit mode: undefined/unknown
	Isolation level: undefined/unknown
	Minimum pool size: undefined/unknown
	Maximum pool size: undefined/unknown
2026-07-12T13:56:50.597-05:00  INFO [cid=] 55204 --- [eventflow-backend] [    Test worker] o.h.e.t.j.p.i.JtaPlatformInitiator       : HHH000489: No JTA platform available (set 'hibernate.transaction.jta.platform' to enable JTA platform integration)
2026-07-12T13:56:50.597-05:00  INFO [cid=] 55204 --- [eventflow-backend] [    Test worker] j.LocalContainerEntityManagerFactoryBean : Initialized JPA EntityManagerFactory for persistence unit 'default'
2026-07-12T13:56:50.748-05:00  INFO [cid=] 55204 --- [eventflow-backend] [    Test worker] o.s.b.a.e.web.EndpointLinksResolver      : Exposing 1 endpoint beneath base path '/actuator'
2026-07-12T13:56:50.755-05:00  WARN [cid=] 55204 --- [eventflow-backend] [    Test worker] .s.s.UserDetailsServiceAutoConfiguration : 

Using generated security password: 5c7d1320-11b8-4744-9945-d0237e1a6582

This generated password is for development use only. Your security configuration must be updated before running your application in production.

2026-07-12T13:56:50.755-05:00  INFO [cid=] 55204 --- [eventflow-backend] [    Test worker] r$InitializeUserDetailsManagerConfigurer : Global AuthenticationManager configured with UserDetailsService bean with name inMemoryUserDetailsManager
2026-07-12T13:56:50.810-05:00  INFO [cid=] 55204 --- [eventflow-backend] [    Test worker] o.s.b.t.m.w.SpringBootMockServletContext : Initializing Spring TestDispatcherServlet ''
2026-07-12T13:56:50.811-05:00  INFO [cid=] 55204 --- [eventflow-backend] [    Test worker] o.s.t.web.servlet.TestDispatcherServlet  : Initializing Servlet ''
2026-07-12T13:56:50.811-05:00  INFO [cid=] 55204 --- [eventflow-backend] [    Test worker] o.s.t.web.servlet.TestDispatcherServlet  : Completed initialization in 0 ms
2026-07-12T13:56:50.819-05:00  INFO [cid=] 55204 --- [eventflow-backend] [    Test worker] c.e.modules.ordering.api.OrderFlowIT     : Started OrderFlowIT in 0.645 seconds (process running for 15.433)
2026-07-12T13:56:51.335-05:00  WARN [cid=556f4fbe-7976-4b0b-82e1-7404be2cbc13] 55204 --- [eventflow-backend] [    Test worker] c.e.shared.error.GlobalExceptionHandler  : domain_error code=idempotency_key_required detail=Este endpoint requiere el header Idempotency-Key (UUID)
2026-07-12T13:56:51.388-05:00  WARN [cid=a543ec53-b714-44ba-852f-0b8c8385a961] 55204 --- [eventflow-backend] [    Test worker] c.e.shared.error.GlobalExceptionHandler  : domain_error code=idempotency_key_reuse detail=La clave ya fue usada con un cuerpo distinto
2026-07-12T13:56:51.398-05:00  WARN [cid=bab5ace3-1442-47f4-9663-444d2a1a504c] 55204 --- [eventflow-backend] [    Test worker] c.e.shared.error.GlobalExceptionHandler  : domain_error code=event_sold_out detail=Sin cupo disponible para la tarifa General
2026-07-12T13:56:51.466-05:00  WARN [cid=b706e192-3ef0-484c-bfe3-4a9e7a5c9161] 55204 --- [eventflow-backend] [    Test worker] c.e.shared.error.GlobalExceptionHandler  : domain_error code=order_not_pending detail=La orden no está pendiente (estado actual: PAID)
2026-07-12T13:56:51.471-05:00  WARN [cid=f1285f3d-53bf-4201-a165-e42fd5213ffb] 55204 --- [eventflow-backend] [    Test worker] c.e.shared.error.GlobalExceptionHandler  : domain_error code=order_not_pending detail=La orden no está pendiente (estado actual: PAID)
2026-07-12T13:56:51.522-05:00  WARN [cid=68965835-d953-4ff6-8506-c37dec76cf20] 55204 --- [eventflow-backend] [    Test worker] c.e.shared.error.GlobalExceptionHandler  : domain_error code=payment_failed detail=La tarjeta fue rechazada por el emisor
2026-07-12T13:56:51.590-05:00  WARN [cid=314a41b8-e228-437c-99e2-db2485eeac9f] 55204 --- [eventflow-backend] [    Test worker] c.e.shared.error.GlobalExceptionHandler  : domain_error code=order_expired detail=La ventana de pago de la orden expiró; el inventario fue liberado
2026-07-12T13:56:51.624-05:00  WARN [cid=ece510fc-6ef0-4531-b4d7-a961c3778f09] 55204 --- [eventflow-backend] [    Test worker] c.e.shared.error.GlobalExceptionHandler  : domain_error code=not_found detail=El boleto no existe
2026-07-12T13:56:51.666-05:00  WARN [cid=516cc3d8-252a-4560-b15d-af4d3339ef29] 55204 --- [eventflow-backend] [    Test worker] c.e.shared.error.GlobalExceptionHandler  : domain_error code=not_found detail=La orden no existe
2026-07-12T13:56:51.675-05:00  WARN [cid=9e0668b7-8fdc-4561-8b42-cb15370cd2c9] 55204 --- [eventflow-backend] [    Test worker] c.e.shared.error.GlobalExceptionHandler  : domain_error code=not_found detail=La orden no existe
]]></system-out>
  <system-err><![CDATA[]]></system-err>
</testsuite>
